\BOOKMARK [0][-]{rootNode.0}{\376\377\000F\000r\000o\000n\000t\000\040\000M\000a\000t\000t\000e\000r}{}% 1
\BOOKMARK [1][-]{a.1}{\376\377\000T\000i\000t\000l\000e}{rootNode.0}% 2
\BOOKMARK [1][-]{b.1}{\376\377\000D\000e\000d\000i\000c\000a\000t\000i\000o\000n}{rootNode.0}% 3
\BOOKMARK [1][-]{c.1}{\376\377\000A\000c\000k\000n\000o\000w\000l\000e\000d\000g\000e\000m\000e\000n\000t\000s}{rootNode.0}% 4
\BOOKMARK [1][-]{d.1}{\376\377\000Q\000u\000o\000t\000e}{rootNode.0}% 5
\BOOKMARK [1][-]{e.1}{\376\377\000A\000b\000s\000t\000r\000a\000c\000t}{rootNode.0}% 6
\BOOKMARK [0][-]{f.0}{\376\377\000T\000a\000b\000l\000e\000\040\000o\000f\000\040\000C\000o\000n\000t\000e\000n\000t\000s}{}% 7
\BOOKMARK [0][-]{section*.13}{\376\377\000L\000i\000s\000t\000\040\000o\000f\000\040\000T\000a\000b\000l\000e\000s}{}% 8
\BOOKMARK [0][-]{section*.15}{\376\377\000L\000i\000s\000t\000\040\000o\000f\000\040\000F\000i\000g\000u\000r\000e\000s}{}% 9
\BOOKMARK [0][-]{g.0}{\376\377\000N\000o\000m\000e\000n\000c\000l\000a\000t\000u\000r\000e}{}% 10
\BOOKMARK [0][-]{chapter.1}{\376\377\0001\000\040\000I\000n\000t\000r\000o\000d\000u\000c\000t\000i\000o\000n}{}% 11
\BOOKMARK [1][-]{section.1.1}{\376\377\0001\000.\0001\000\040\000Q\000G\000P}{chapter.1}% 12
\BOOKMARK [1][-]{section.1.2}{\376\377\0001\000.\0002\000\040\000H\000e\000a\000v\000y\000\040\000I\000o\000n\000\040\000C\000o\000l\000l\000i\000s\000i\000o\000n\000s}{chapter.1}% 13
\BOOKMARK [1][-]{section.1.3}{\376\377\0001\000.\0003\000\040\000J\000e\000t\000s}{chapter.1}% 14
\BOOKMARK [1][-]{section.1.4}{\376\377\0001\000.\0004\000\040\000P\000r\000e\000v\000i\000o\000u\000s\000\040\000R\000e\000s\000u\000l\000t\000s}{chapter.1}% 15
\BOOKMARK [0][-]{chapter.2}{\376\377\0002\000\040\000A\000\040\000L\000a\000r\000g\000e\000\040\000I\000o\000n\000\040\000C\000o\000l\000l\000i\000d\000e\000r\000\040\000E\000x\000p\000e\000r\000i\000m\000e\000n\000t\000\040\000a\000t\000\040\000t\000h\000e\000\040\000L\000a\000r\000g\000e\000\040\000H\000a\000d\000r\000o\000n\000\040\000C\000o\000l\000l\000i\000d\000e\000r}{}% 16
\BOOKMARK [1][-]{section.2.1}{\376\377\0002\000.\0001\000\040\000T\000h\000e\000\040\000L\000a\000r\000g\000e\000\040\000H\000a\000d\000r\000o\000n\000\040\000C\000o\000l\000l\000i\000d\000e\000r}{chapter.2}% 17
\BOOKMARK [1][-]{section.2.2}{\376\377\0002\000.\0002\000\040\000A\000\040\000L\000a\000r\000g\000e\000\040\000I\000o\000n\000\040\000C\000o\000l\000l\000i\000d\000e\000r\000\040\000E\000x\000p\000e\000r\000i\000m\000e\000n\000t}{chapter.2}% 18
\BOOKMARK [0][-]{chapter.3}{\376\377\0003\000\040\000M\000e\000t\000h\000o\000d\000s}{}% 19
\BOOKMARK [1][-]{section.3.1}{\376\377\0003\000.\0001\000\040\000D\000a\000t\000a}{chapter.3}% 20
\BOOKMARK [1][-]{section.3.2}{\376\377\0003\000.\0002\000\040\000R\000e\000c\000o\000n\000s\000t\000r\000u\000c\000t\000i\000o\000n}{chapter.3}% 21
\BOOKMARK [1][-]{section.3.3}{\376\377\0003\000.\0003\000\040\000J\000e\000t\000\040\000H\000a\000d\000r\000o\000n\000\040\000C\000o\000r\000r\000e\000l\000a\000t\000i\000o\000n\000\040\000F\000u\000n\000c\000t\000i\000o\000n\000s}{chapter.3}% 22
\BOOKMARK [0][-]{chapter.4}{\376\377\0004\000\040\000C\000o\000n\000c\000l\000u\000s\000i\000o\000n\000s}{}% 23
\BOOKMARK [0][-]{section*.46}{\376\377\000B\000i\000b\000l\000i\000o\000g\000r\000a\000p\000h\000y}{}% 24
\BOOKMARK [0][-]{section*.48}{\376\377\000V\000i\000t\000a}{}% 25
